<?xml version="1.0" encoding="UTF-8"?>
<testng-results ignored="0" total="4" passed="4" failed="0" skipped="0">
  <reporter-output>
  </reporter-output>
  <suite started-at="2025-11-22T10:18:25 IST" name="Suite" finished-at="2025-11-22T10:19:19 IST" duration-ms="53605">
    <groups>
    </groups>
    <test started-at="2025-11-22T10:18:25 IST" name="Test" finished-at="2025-11-22T10:19:19 IST" duration-ms="53605">
      <class name="testCases.TestCaseImplementation">
        <test-method is-config="true" signature="setup(java.lang.String,java.lang.String)[pri:0, instance:testCases.TestCaseImplementation@79defdc]" started-at="2025-11-22T10:18:25 IST" name="setup" finished-at="2025-11-22T10:18:31 IST" duration-ms="5987" status="PASS">
          <params>
            <param index="0">
              <value>
                <![CDATA[Windows]]>
              </value>
            </param>
            <param index="1">
              <value>
                <![CDATA[chrome]]>
              </value>
            </param>
          </params>
          <reporter-output>
          </reporter-output>
        </test-method> <!-- setup -->
        <test-method signature="closingPopupInHomePage()[pri:1, instance:testCases.TestCaseImplementation@79defdc]" started-at="2025-11-22T10:18:31 IST" name="closingPopupInHomePage" finished-at="2025-11-22T10:18:33 IST" duration-ms="2082" status="PASS">
          <reporter-output>
          </reporter-output>
        </test-method> <!-- closingPopupInHomePage -->
        <test-method signature="implementCab(java.lang.String,java.lang.String,java.lang.String,java.lang.String)[pri:0, instance:testCases.TestCaseImplementation@79defdc]" started-at="2025-11-22T10:18:35 IST" name="implementCab" data-provider="CabData" finished-at="2025-11-22T10:18:52 IST" depends-on-methods="testCases.TestCaseImplementation.closingPopupInHomePage" duration-ms="16937" status="PASS">
          <params>
            <param index="0">
              <value>
                <![CDATA[New Delhi]]>
              </value>
            </param>
            <param index="1">
              <value>
                <![CDATA[Manali, Himachal Pradesh]]>
              </value>
            </param>
            <param index="2">
              <value>
                <![CDATA[January 2026]]>
              </value>
            </param>
            <param index="3">
              <value>
                <![CDATA[21]]>
              </value>
            </param>
          </params>
          <reporter-output>
          </reporter-output>
        </test-method> <!-- implementCab -->
        <test-method signature="implementGiftCard(java.lang.String,java.lang.String,java.lang.String)[pri:0, instance:testCases.TestCaseImplementation@79defdc]" started-at="2025-11-22T10:18:52 IST" name="implementGiftCard" data-provider="GiftFormData" finished-at="2025-11-22T10:19:08 IST" depends-on-methods="testCases.TestCaseImplementation.implementCab" duration-ms="15470" status="PASS">
          <params>
            <param index="0">
              <value>
                <![CDATA[Group]]>
              </value>
            </param>
            <param index="1">
              <value>
                <![CDATA[8105155868]]>
              </value>
            </param>
            <param index="2">
              <value>
                <![CDATA[Team%pjt@cognizant.com]]>
              </value>
            </param>
          </params>
          <reporter-output>
          </reporter-output>
        </test-method> <!-- implementGiftCard -->
        <test-method signature="hotelDetails()[pri:0, instance:testCases.TestCaseImplementation@79defdc]" started-at="2025-11-22T10:19:08 IST" name="hotelDetails" finished-at="2025-11-22T10:19:13 IST" depends-on-methods="testCases.TestCaseImplementation.implementGiftCard" duration-ms="5233" status="PASS">
          <reporter-output>
          </reporter-output>
        </test-method> <!-- hotelDetails -->
        <test-method is-config="true" signature="tearDown()[pri:0, instance:testCases.TestCaseImplementation@79defdc]" started-at="2025-11-22T10:19:13 IST" name="tearDown" finished-at="2025-11-22T10:19:19 IST" duration-ms="5710" status="PASS">
          <reporter-output>
          </reporter-output>
        </test-method> <!-- tearDown -->
      </class> <!-- testCases.TestCaseImplementation -->
    </test> <!-- Test -->
  </suite> <!-- Suite -->
</testng-results>
