<?xml version="1.0" encoding="UTF-8"?>
<!-- Generated by org.testng.reporters.JUnitReportReporter -->
<testsuite hostname="LTIN648249" failures="0" tests="4" name="testCases.TestCaseImplementation" time="38.056" errors="0" timestamp="2025-11-25T15:10:39 IST" skipped="0">
  <testcase classname="testCases.TestCaseImplementation" name="hotelDetails" time="11.972"/>
  <testcase classname="testCases.TestCaseImplementation" name="implementGiftCard" time="9.998"/>
  <testcase classname="testCases.TestCaseImplementation" name="implementCab" time="13.897"/>
  <testcase classname="testCases.TestCaseImplementation" name="closingPopupInHomePage" time="2.189"/>
</testsuite> <!-- testCases.TestCaseImplementation -->
